{"uuid":"106d70d5-1fbe-4f70-8c65-ae7c77cfc9dc","name":"Suite","children":["defe2409-578c-44fd-a3df-baf02800f555"],"befores":[{"name":"deleteAllureReport","status":"passed","stage":"finished","description":"","steps":[],"attachments":[],"parameters":[],"start":1608442344681,"stop":1608442344717}],"afters":[{"name":"generateAllureReport","status":"broken","statusDetails":{"known":false,"muted":false,"flaky":false,"message":"Cannot run program \"/bin/bash\": CreateProcess error=2, The system cannot find the file specified","trace":"java.io.IOException: Cannot run program \"/bin/bash\": CreateProcess error=2, The system cannot find the file specified\r\n\tat java.lang.ProcessBuilder.start(ProcessBuilder.java:1048)\r\n\tat Hackathon_Test.APITest.generateAllureReport(APITest.java:940)\r\n\tat sun.reflect.NativeMethodAccessorImpl.invoke0(Native Method)\r\n\tat sun.reflect.NativeMethodAccessorImpl.invoke(NativeMethodAccessorImpl.java:62)\r\n\tat sun.reflect.DelegatingMethodAccessorImpl.invoke(DelegatingMethodAccessorImpl.java:43)\r\n\tat java.lang.reflect.Method.invoke(Method.java:497)\r\n\tat org.testng.internal.MethodInvocationHelper.invokeMethod(MethodInvocationHelper.java:132)\r\n\tat org.testng.internal.MethodInvocationHelper.invokeMethodConsideringTimeout(MethodInvocationHelper.java:61)\r\n\tat org.testng.internal.ConfigInvoker.invokeConfigurationMethod(ConfigInvoker.java:366)\r\n\tat org.testng.internal.ConfigInvoker.invokeConfigurations(ConfigInvoker.java:320)\r\n\tat org.testng.SuiteRunner.privateRun(SuiteRunner.java:351)\r\n\tat org.testng.SuiteRunner.run(SuiteRunner.java:286)\r\n\tat org.testng.SuiteRunnerWorker.runSuite(SuiteRunnerWorker.java:53)\r\n\tat org.testng.SuiteRunnerWorker.run(SuiteRunnerWorker.java:96)\r\n\tat org.testng.TestNG.runSuitesSequentially(TestNG.java:1218)\r\n\tat org.testng.TestNG.runSuitesLocally(TestNG.java:1140)\r\n\tat org.testng.TestNG.runSuites(TestNG.java:1069)\r\n\tat org.testng.TestNG.run(TestNG.java:1037)\r\n\tat org.apache.maven.surefire.testng.TestNGExecutor.run(TestNGExecutor.java:295)\r\n\tat org.apache.maven.surefire.testng.TestNGXmlTestSuite.execute(TestNGXmlTestSuite.java:84)\r\n\tat org.apache.maven.surefire.testng.TestNGProvider.invoke(TestNGProvider.java:90)\r\n\tat org.apache.maven.surefire.booter.ForkedBooter.invokeProviderInSameClassLoader(ForkedBooter.java:203)\r\n\tat org.apache.maven.surefire.booter.ForkedBooter.runSuitesInProcess(ForkedBooter.java:155)\r\n\tat org.apache.maven.surefire.booter.ForkedBooter.main(ForkedBooter.java:103)\r\nCaused by: java.io.IOException: CreateProcess error=2, The system cannot find the file specified\r\n\tat java.lang.ProcessImpl.create(Native Method)\r\n\tat java.lang.ProcessImpl.<init>(ProcessImpl.java:386)\r\n\tat java.lang.ProcessImpl.start(ProcessImpl.java:137)\r\n\tat java.lang.ProcessBuilder.start(ProcessBuilder.java:1029)\r\n\t... 23 more\r\n"},"stage":"finished","description":"","steps":[],"attachments":[],"parameters":[],"start":1608442366569,"stop":1608442366573}],"links":[],"start":1608442344659,"stop":1608442366587}