<?xml version="1.0" encoding="UTF-8"?>
<testng-results skipped="0" failed="0" ignored="0" total="2" passed="2">
  <reporter-output>
  </reporter-output>
  <suite name="Suite" duration-ms="16838" started-at="2020-12-20T06:37:14 UTC" finished-at="2020-12-20T06:37:31 UTC">
    <groups>
    </groups>
    <test name="Test" duration-ms="16838" started-at="2020-12-20T06:37:14 UTC" finished-at="2020-12-20T06:37:31 UTC">
      <class name="Hackathon_Test.APITest">
        <test-method status="PASS" signature="deleteAllureReport()[pri:0, instance:Hackathon_Test.APITest@fc5d40]" name="deleteAllureReport" is-config="true" duration-ms="33" started-at="2020-12-20T06:37:14 UTC" finished-at="2020-12-20T06:37:14 UTC">
          <reporter-output>
          </reporter-output>
        </test-method> <!-- deleteAllureReport -->
        <test-method status="PASS" signature="testBadRequest()[pri:0, instance:Hackathon_Test.APITest@fc5d40]" name="testBadRequest" duration-ms="10673" started-at="2020-12-20T06:37:14 UTC" description="Bad Request" finished-at="2020-12-20T06:37:24 UTC">
          <reporter-output>
          </reporter-output>
        </test-method> <!-- testBadRequest -->
        <test-method status="PASS" signature="testGoodRequest()[pri:0, instance:Hackathon_Test.APITest@fc5d40]" name="testGoodRequest" duration-ms="16767" started-at="2020-12-20T06:37:14 UTC" description="Good Request" finished-at="2020-12-20T06:37:30 UTC">
          <reporter-output>
          </reporter-output>
        </test-method> <!-- testGoodRequest -->
        <test-method status="PASS" signature="raiseAssertion()[pri:0, instance:Hackathon_Test.APITest@fc5d40]" name="raiseAssertion" is-config="true" duration-ms="1" started-at="2020-12-20T06:37:31 UTC" finished-at="2020-12-20T06:37:31 UTC">
          <reporter-output>
          </reporter-output>
        </test-method> <!-- raiseAssertion -->
        <test-method status="FAIL" signature="generateAllureReport()[pri:0, instance:Hackathon_Test.APITest@fc5d40]" name="generateAllureReport" is-config="true" duration-ms="3" started-at="2020-12-20T06:37:31 UTC" finished-at="2020-12-20T06:37:31 UTC">
          <exception class="java.io.IOException">
            <message>
              <![CDATA[Cannot run program "allure": CreateProcess error=2, The system cannot find the file specified]]>
            </message>
            <full-stacktrace>
              <![CDATA[java.io.IOException: Cannot run program "allure": CreateProcess error=2, The system cannot find the file specified
at java.lang.ProcessBuilder.start(ProcessBuilder.java:1048)
at java.lang.Runtime.exec(Runtime.java:620)
at java.lang.Runtime.exec(Runtime.java:450)
at java.lang.Runtime.exec(Runtime.java:347)
at Hackathon_Test.APITest.generateAllureReport(APITest.java:933)
at sun.reflect.NativeMethodAccessorImpl.invoke0(Native Method)
at sun.reflect.NativeMethodAccessorImpl.invoke(NativeMethodAccessorImpl.java:62)
at sun.reflect.DelegatingMethodAccessorImpl.invoke(DelegatingMethodAccessorImpl.java:43)
at java.lang.reflect.Method.invoke(Method.java:497)
at org.testng.internal.MethodInvocationHelper.invokeMethod(MethodInvocationHelper.java:132)
at org.testng.internal.MethodInvocationHelper.invokeMethodConsideringTimeout(MethodInvocationHelper.java:61)
at org.testng.internal.ConfigInvoker.invokeConfigurationMethod(ConfigInvoker.java:366)
at org.testng.internal.ConfigInvoker.invokeConfigurations(ConfigInvoker.java:320)
at org.testng.SuiteRunner.privateRun(SuiteRunner.java:351)
at org.testng.SuiteRunner.run(SuiteRunner.java:286)
at org.testng.SuiteRunnerWorker.runSuite(SuiteRunnerWorker.java:53)
at org.testng.SuiteRunnerWorker.run(SuiteRunnerWorker.java:96)
at org.testng.TestNG.runSuitesSequentially(TestNG.java:1218)
at org.testng.TestNG.runSuitesLocally(TestNG.java:1140)
at org.testng.TestNG.runSuites(TestNG.java:1069)
at org.testng.TestNG.run(TestNG.java:1037)
at org.apache.maven.surefire.testng.TestNGExecutor.run(TestNGExecutor.java:295)
at org.apache.maven.surefire.testng.TestNGXmlTestSuite.execute(TestNGXmlTestSuite.java:84)
at org.apache.maven.surefire.testng.TestNGProvider.invoke(TestNGProvider.java:90)
at org.apache.maven.surefire.booter.ForkedBooter.invokeProviderInSameClassLoader(ForkedBooter.java:203)
at org.apache.maven.surefire.booter.ForkedBooter.runSuitesInProcess(ForkedBooter.java:155)
at org.apache.maven.surefire.booter.ForkedBooter.main(ForkedBooter.java:103)
Caused by: java.io.IOException: CreateProcess error=2, The system cannot find the file specified
at java.lang.ProcessImpl.create(Native Method)
at java.lang.ProcessImpl.<init>(ProcessImpl.java:386)
at java.lang.ProcessImpl.start(ProcessImpl.java:137)
at java.lang.ProcessBuilder.start(ProcessBuilder.java:1029)
... 26 more
]]>
            </full-stacktrace>
          </exception> <!-- java.io.IOException -->
          <reporter-output>
          </reporter-output>
        </test-method> <!-- generateAllureReport -->
      </class> <!-- Hackathon_Test.APITest -->
    </test> <!-- Test -->
  </suite> <!-- Suite -->
</testng-results>
